<?xml version="1.0" encoding="UTF-8"?>
<testng-results skipped="1" failed="0" total="1" passed="0">
  <reporter-output>
  </reporter-output>
  <suite name="Default suite" duration-ms="51485" started-at="2015-07-09T17:40:24Z" finished-at="2015-07-09T17:41:16Z">
    <groups>
    </groups>
    <test name="Default test" duration-ms="51485" started-at="2015-07-09T17:40:24Z" finished-at="2015-07-09T17:41:16Z">
      <class name="com.example.tests.AddContactTest">
        <test-method status="FAIL" signature="setUp()[pri:0, instance:com.example.tests.AddContactTest@1827c9]" name="setUp" is-config="true" duration-ms="0" started-at="2015-07-09T21:40:24Z" finished-at="2015-07-09T21:40:24Z">
          <exception class="org.openqa.selenium.WebDriverException">
            <message>
              <![CDATA[Failed to connect to binary FirefoxBinary(C:\Program Files (x86)\Mozilla Firefox\firefox.exe) on port 7055; process output follows: 
ntry whose name is not a valid add-on ID: C:\Users\Olga_Suntsova\AppData\Local\Temp\anonymous7208240038785181352webdriver-profile\extensions\webdriver-staging
1436463631086	addons.xpi	INFO	Mapping {972ce4c6-7e08-4474-a285-3208198ce6fd} to C:\Program Files (x86)\Mozilla Firefox\browser\extensions\{972ce4c6-7e08-4474-a285-3208198ce6fd}
1436463631086	addons.xpi	DEBUG	Skipping unavailable install location app-system-share
1436463631087	addons.xpi	DEBUG	Skipping unavailable install location app-system-local
1436463631087	addons.xpi	DEBUG	checkForChanges
1436463631087	addons.xpi	DEBUG	Loaded add-on state from prefs: {"app-profile":{"fxdriver@googlecode.com":{"d":"C:\\Users\\Olga_Suntsova\\AppData\\Local\\Temp\\anonymous7208240038785181352webdriver-profile\\extensions\\fxdriver@googlecode.com","e":false,"v":"2.42.2","st":1436463625220,"mt":1436463625200}},"app-global":{"{972ce4c6-7e08-4474-a285-3208198ce6fd}":{"d":"C:\\Program Files (x86)\\Mozilla Firefox\\browser\\extensions\\{972ce4c6-7e08-4474-a285-3208198ce6fd}","e":true,"v":"38.0.5","st":1434868085018,"mt":1432596056000}}}
1436463631089	addons.xpi	DEBUG	getModTime: Recursive scan of {972ce4c6-7e08-4474-a285-3208198ce6fd}
1436463631089	addons.xpi	DEBUG	getInstallState changed: false, state: {"app-profile":{"fxdriver@googlecode.com":{"d":"C:\\Users\\Olga_Suntsova\\AppData\\Local\\Temp\\anonymous7208240038785181352webdriver-profile\\extensions\\fxdriver@googlecode.com","e":false,"v":"2.42.2","st":1436463625220,"mt":1436463625200}},"app-global":{"{972ce4c6-7e08-4474-a285-3208198ce6fd}":{"d":"C:\\Program Files (x86)\\Mozilla Firefox\\browser\\extensions\\{972ce4c6-7e08-4474-a285-3208198ce6fd}","e":true,"v":"38.0.5","st":1434868085018,"mt":1432596056000}}}
1436463631090	addons.xpi	DEBUG	No changes found
1436463631093	addons.manager	DEBUG	Registering shutdown blocker for XPIProvider
1436463631093	addons.manager	DEBUG	Provider finished startup: XPIProvider
1436463631093	addons.manager	DEBUG	Starting provider: LightweightThemeManager
1436463631093	addons.manager	DEBUG	Registering shutdown blocker for LightweightThemeManager
1436463631094	addons.manager	DEBUG	Provider finished startup: LightweightThemeManager
1436463631094	addons.manager	DEBUG	Starting provider: GMPProvider
1436463631097	addons.manager	DEBUG	Registering shutdown blocker for GMPProvider
1436463631097	addons.manager	DEBUG	Provider finished startup: GMPProvider
1436463631097	addons.manager	DEBUG	Starting provider: PluginProvider
1436463631097	addons.manager	DEBUG	Registering shutdown blocker for PluginProvider
1436463631098	addons.manager	DEBUG	Provider finished startup: PluginProvider
1436463631098	addons.manager	DEBUG	Completed startup sequence
1436463631193	addons.xpi-utils	DEBUG	Starting async load of XPI database C:\Users\Olga_Suntsova\AppData\Local\Temp\anonymous7208240038785181352webdriver-profile\extensions.json
1436463631194	addons.manager	DEBUG	Starting provider: <unnamed-provider>
1436463631194	addons.manager	DEBUG	Registering shutdown blocker for <unnamed-provider>
1436463631195	addons.manager	DEBUG	Provider finished startup: <unnamed-provider>
1436463631381	addons.xpi-utils	DEBUG	Async JSON file read took 0 MS
1436463631381	addons.xpi-utils	DEBUG	Finished async read of XPI database, parsing...
1436463631381	addons.xpi-utils	DEBUG	Successfully read XPI database
*** Blocklist::_loadBlocklistFromFile: blocklist is disabled
1436463652012	addons.manager	DEBUG	shutdown
1436463652012	addons.manager	DEBUG	Calling shutdown blocker for XPIProvider
1436463652012	addons.xpi	DEBUG	shutdown
1436463652012	addons.xpi-utils	DEBUG	shutdown
1436463652012	addons.manager	DEBUG	Calling shutdown blocker for LightweightThemeManager
1436463652013	addons.manager	DEBUG	Calling shutdown blocker for GMPProvider
1436463652014	addons.manager	DEBUG	Calling shutdown blocker for PluginProvider
1436463652014	addons.manager	DEBUG	Calling shutdown blocker for <unnamed-provider>
1436463652015	addons.xpi	DEBUG	Notifying XPI shutdown observers
1436463652019	addons.manager	DEBUG	Async provider shutdown done

Build info: version: '2.42.2', revision: '6a6995d', time: '2014-06-03 17:42:03'
System info: host: 'EPRUMOSL0208', ip: '192.168.56.1', os.name: 'Windows 7', os.arch: 'x86', os.version: '6.1', java.version: '1.7.0_45'
Driver info: driver.version: FirefoxDriver]]>
            </message>
            <full-stacktrace>
              <![CDATA[org.openqa.selenium.WebDriverException: Failed to connect to binary FirefoxBinary(C:\Program Files (x86)\Mozilla Firefox\firefox.exe) on port 7055; process output follows: 
ntry whose name is not a valid add-on ID: C:\Users\Olga_Suntsova\AppData\Local\Temp\anonymous7208240038785181352webdriver-profile\extensions\webdriver-staging
1436463631086	addons.xpi	INFO	Mapping {972ce4c6-7e08-4474-a285-3208198ce6fd} to C:\Program Files (x86)\Mozilla Firefox\browser\extensions\{972ce4c6-7e08-4474-a285-3208198ce6fd}
1436463631086	addons.xpi	DEBUG	Skipping unavailable install location app-system-share
1436463631087	addons.xpi	DEBUG	Skipping unavailable install location app-system-local
1436463631087	addons.xpi	DEBUG	checkForChanges
1436463631087	addons.xpi	DEBUG	Loaded add-on state from prefs: {"app-profile":{"fxdriver@googlecode.com":{"d":"C:\\Users\\Olga_Suntsova\\AppData\\Local\\Temp\\anonymous7208240038785181352webdriver-profile\\extensions\\fxdriver@googlecode.com","e":false,"v":"2.42.2","st":1436463625220,"mt":1436463625200}},"app-global":{"{972ce4c6-7e08-4474-a285-3208198ce6fd}":{"d":"C:\\Program Files (x86)\\Mozilla Firefox\\browser\\extensions\\{972ce4c6-7e08-4474-a285-3208198ce6fd}","e":true,"v":"38.0.5","st":1434868085018,"mt":1432596056000}}}
1436463631089	addons.xpi	DEBUG	getModTime: Recursive scan of {972ce4c6-7e08-4474-a285-3208198ce6fd}
1436463631089	addons.xpi	DEBUG	getInstallState changed: false, state: {"app-profile":{"fxdriver@googlecode.com":{"d":"C:\\Users\\Olga_Suntsova\\AppData\\Local\\Temp\\anonymous7208240038785181352webdriver-profile\\extensions\\fxdriver@googlecode.com","e":false,"v":"2.42.2","st":1436463625220,"mt":1436463625200}},"app-global":{"{972ce4c6-7e08-4474-a285-3208198ce6fd}":{"d":"C:\\Program Files (x86)\\Mozilla Firefox\\browser\\extensions\\{972ce4c6-7e08-4474-a285-3208198ce6fd}","e":true,"v":"38.0.5","st":1434868085018,"mt":1432596056000}}}
1436463631090	addons.xpi	DEBUG	No changes found
1436463631093	addons.manager	DEBUG	Registering shutdown blocker for XPIProvider
1436463631093	addons.manager	DEBUG	Provider finished startup: XPIProvider
1436463631093	addons.manager	DEBUG	Starting provider: LightweightThemeManager
1436463631093	addons.manager	DEBUG	Registering shutdown blocker for LightweightThemeManager
1436463631094	addons.manager	DEBUG	Provider finished startup: LightweightThemeManager
1436463631094	addons.manager	DEBUG	Starting provider: GMPProvider
1436463631097	addons.manager	DEBUG	Registering shutdown blocker for GMPProvider
1436463631097	addons.manager	DEBUG	Provider finished startup: GMPProvider
1436463631097	addons.manager	DEBUG	Starting provider: PluginProvider
1436463631097	addons.manager	DEBUG	Registering shutdown blocker for PluginProvider
1436463631098	addons.manager	DEBUG	Provider finished startup: PluginProvider
1436463631098	addons.manager	DEBUG	Completed startup sequence
1436463631193	addons.xpi-utils	DEBUG	Starting async load of XPI database C:\Users\Olga_Suntsova\AppData\Local\Temp\anonymous7208240038785181352webdriver-profile\extensions.json
1436463631194	addons.manager	DEBUG	Starting provider: <unnamed-provider>
1436463631194	addons.manager	DEBUG	Registering shutdown blocker for <unnamed-provider>
1436463631195	addons.manager	DEBUG	Provider finished startup: <unnamed-provider>
1436463631381	addons.xpi-utils	DEBUG	Async JSON file read took 0 MS
1436463631381	addons.xpi-utils	DEBUG	Finished async read of XPI database, parsing...
1436463631381	addons.xpi-utils	DEBUG	Successfully read XPI database
*** Blocklist::_loadBlocklistFromFile: blocklist is disabled
1436463652012	addons.manager	DEBUG	shutdown
1436463652012	addons.manager	DEBUG	Calling shutdown blocker for XPIProvider
1436463652012	addons.xpi	DEBUG	shutdown
1436463652012	addons.xpi-utils	DEBUG	shutdown
1436463652012	addons.manager	DEBUG	Calling shutdown blocker for LightweightThemeManager
1436463652013	addons.manager	DEBUG	Calling shutdown blocker for GMPProvider
1436463652014	addons.manager	DEBUG	Calling shutdown blocker for PluginProvider
1436463652014	addons.manager	DEBUG	Calling shutdown blocker for <unnamed-provider>
1436463652015	addons.xpi	DEBUG	Notifying XPI shutdown observers
1436463652019	addons.manager	DEBUG	Async provider shutdown done

Build info: version: '2.42.2', revision: '6a6995d', time: '2014-06-03 17:42:03'
System info: host: 'EPRUMOSL0208', ip: '192.168.56.1', os.name: 'Windows 7', os.arch: 'x86', os.version: '6.1', java.version: '1.7.0_45'
Driver info: driver.version: FirefoxDriver
	at org.openqa.selenium.firefox.internal.NewProfileExtensionConnection.start(NewProfileExtensionConnection.java:130)
	at org.openqa.selenium.firefox.FirefoxDriver.startClient(FirefoxDriver.java:246)
	at org.openqa.selenium.remote.RemoteWebDriver.<init>(RemoteWebDriver.java:114)
	at org.openqa.selenium.firefox.FirefoxDriver.<init>(FirefoxDriver.java:193)
	at org.openqa.selenium.firefox.FirefoxDriver.<init>(FirefoxDriver.java:186)
	at org.openqa.selenium.firefox.FirefoxDriver.<init>(FirefoxDriver.java:182)
	at org.openqa.selenium.firefox.FirefoxDriver.<init>(FirefoxDriver.java:95)
	at com.example.fw.ApplicationManager.<init>(ApplicationManager.java:30)
	at com.example.tests.TestBase.setUp(TestBase.java:16)
	at sun.reflect.NativeMethodAccessorImpl.invoke0(Native Method)
	at sun.reflect.NativeMethodAccessorImpl.invoke(Unknown Source)
	at sun.reflect.DelegatingMethodAccessorImpl.invoke(Unknown Source)
	at java.lang.reflect.Method.invoke(Unknown Source)
	at org.testng.internal.MethodInvocationHelper.invokeMethod(MethodInvocationHelper.java:85)
	at org.testng.internal.Invoker.invokeConfigurationMethod(Invoker.java:515)
	at org.testng.internal.Invoker.invokeConfigurations(Invoker.java:213)
	at org.testng.internal.Invoker.invokeConfigurations(Invoker.java:140)
	at org.testng.internal.TestMethodWorker.invokeBeforeClassMethods(TestMethodWorker.java:170)
	at org.testng.internal.TestMethodWorker.run(TestMethodWorker.java:104)
	at org.testng.TestRunner.privateRun(TestRunner.java:771)
	at org.testng.TestRunner.run(TestRunner.java:621)
	at org.testng.SuiteRunner.runTest(SuiteRunner.java:357)
	at org.testng.SuiteRunner.runSequentially(SuiteRunner.java:352)
	at org.testng.SuiteRunner.privateRun(SuiteRunner.java:310)
	at org.testng.SuiteRunner.run(SuiteRunner.java:259)
	at org.testng.SuiteRunnerWorker.runSuite(SuiteRunnerWorker.java:52)
	at org.testng.SuiteRunnerWorker.run(SuiteRunnerWorker.java:86)
	at org.testng.TestNG.runSuitesSequentially(TestNG.java:1176)
	at org.testng.TestNG.runSuitesLocally(TestNG.java:1101)
	at org.testng.TestNG.run(TestNG.java:1009)
	at org.testng.remote.RemoteTestNG.run(RemoteTestNG.java:111)
	at org.testng.remote.RemoteTestNG.initAndRun(RemoteTestNG.java:204)
	at org.testng.remote.RemoteTestNG.main(RemoteTestNG.java:175)
Caused by: org.openqa.selenium.firefox.NotConnectedException: Unable to connect to host 127.0.0.1 on port 7055 after 45000 ms. Firefox console output:
ntry whose name is not a valid add-on ID: C:\Users\Olga_Suntsova\AppData\Local\Temp\anonymous7208240038785181352webdriver-profile\extensions\webdriver-staging
1436463631086	addons.xpi	INFO	Mapping {972ce4c6-7e08-4474-a285-3208198ce6fd} to C:\Program Files (x86)\Mozilla Firefox\browser\extensions\{972ce4c6-7e08-4474-a285-3208198ce6fd}
1436463631086	addons.xpi	DEBUG	Skipping unavailable install location app-system-share
1436463631087	addons.xpi	DEBUG	Skipping unavailable install location app-system-local
1436463631087	addons.xpi	DEBUG	checkForChanges
1436463631087	addons.xpi	DEBUG	Loaded add-on state from prefs: {"app-profile":{"fxdriver@googlecode.com":{"d":"C:\\Users\\Olga_Suntsova\\AppData\\Local\\Temp\\anonymous7208240038785181352webdriver-profile\\extensions\\fxdriver@googlecode.com","e":false,"v":"2.42.2","st":1436463625220,"mt":1436463625200}},"app-global":{"{972ce4c6-7e08-4474-a285-3208198ce6fd}":{"d":"C:\\Program Files (x86)\\Mozilla Firefox\\browser\\extensions\\{972ce4c6-7e08-4474-a285-3208198ce6fd}","e":true,"v":"38.0.5","st":1434868085018,"mt":1432596056000}}}
1436463631089	addons.xpi	DEBUG	getModTime: Recursive scan of {972ce4c6-7e08-4474-a285-3208198ce6fd}
1436463631089	addons.xpi	DEBUG	getInstallState changed: false, state: {"app-profile":{"fxdriver@googlecode.com":{"d":"C:\\Users\\Olga_Suntsova\\AppData\\Local\\Temp\\anonymous7208240038785181352webdriver-profile\\extensions\\fxdriver@googlecode.com","e":false,"v":"2.42.2","st":1436463625220,"mt":1436463625200}},"app-global":{"{972ce4c6-7e08-4474-a285-3208198ce6fd}":{"d":"C:\\Program Files (x86)\\Mozilla Firefox\\browser\\extensions\\{972ce4c6-7e08-4474-a285-3208198ce6fd}","e":true,"v":"38.0.5","st":1434868085018,"mt":1432596056000}}}
1436463631090	addons.xpi	DEBUG	No changes found
1436463631093	addons.manager	DEBUG	Registering shutdown blocker for XPIProvider
1436463631093	addons.manager	DEBUG	Provider finished startup: XPIProvider
1436463631093	addons.manager	DEBUG	Starting provider: LightweightThemeManager
1436463631093	addons.manager	DEBUG	Registering shutdown blocker for LightweightThemeManager
1436463631094	addons.manager	DEBUG	Provider finished startup: LightweightThemeManager
1436463631094	addons.manager	DEBUG	Starting provider: GMPProvider
1436463631097	addons.manager	DEBUG	Registering shutdown blocker for GMPProvider
1436463631097	addons.manager	DEBUG	Provider finished startup: GMPProvider
1436463631097	addons.manager	DEBUG	Starting provider: PluginProvider
1436463631097	addons.manager	DEBUG	Registering shutdown blocker for PluginProvider
1436463631098	addons.manager	DEBUG	Provider finished startup: PluginProvider
1436463631098	addons.manager	DEBUG	Completed startup sequence
1436463631193	addons.xpi-utils	DEBUG	Starting async load of XPI database C:\Users\Olga_Suntsova\AppData\Local\Temp\anonymous7208240038785181352webdriver-profile\extensions.json
1436463631194	addons.manager	DEBUG	Starting provider: <unnamed-provider>
1436463631194	addons.manager	DEBUG	Registering shutdown blocker for <unnamed-provider>
1436463631195	addons.manager	DEBUG	Provider finished startup: <unnamed-provider>
1436463631381	addons.xpi-utils	DEBUG	Async JSON file read took 0 MS
1436463631381	addons.xpi-utils	DEBUG	Finished async read of XPI database, parsing...
1436463631381	addons.xpi-utils	DEBUG	Successfully read XPI database
*** Blocklist::_loadBlocklistFromFile: blocklist is disabled
1436463652012	addons.manager	DEBUG	shutdown
1436463652012	addons.manager	DEBUG	Calling shutdown blocker for XPIProvider
1436463652012	addons.xpi	DEBUG	shutdown
1436463652012	addons.xpi-utils	DEBUG	shutdown
1436463652012	addons.manager	DEBUG	Calling shutdown blocker for LightweightThemeManager
1436463652013	addons.manager	DEBUG	Calling shutdown blocker for GMPProvider
1436463652014	addons.manager	DEBUG	Calling shutdown blocker for PluginProvider
1436463652014	addons.manager	DEBUG	Calling shutdown blocker for <unnamed-provider>
1436463652015	addons.xpi	DEBUG	Notifying XPI shutdown observers
1436463652019	addons.manager	DEBUG	Async provider shutdown done

	at org.openqa.selenium.firefox.internal.NewProfileExtensionConnection.start(NewProfileExtensionConnection.java:118)
	... 32 more
]]>
            </full-stacktrace>
          </exception> <!-- org.openqa.selenium.WebDriverException -->
          <reporter-output>
          </reporter-output>
        </test-method> <!-- setUp -->
        <test-method status="SKIP" signature="tearDown()[pri:0, instance:com.example.tests.AddContactTest@1827c9]" name="tearDown" is-config="true" duration-ms="0" started-at="2015-07-09T21:41:16Z" finished-at="2015-07-09T21:41:16Z">
          <reporter-output>
          </reporter-output>
        </test-method> <!-- tearDown -->
        <test-method status="SKIP" signature="AddNotEmptyContactTest()[pri:0, instance:com.example.tests.AddContactTest@1827c9]" name="AddNotEmptyContactTest" duration-ms="0" started-at="2015-07-09T21:41:16Z" finished-at="2015-07-09T21:41:16Z">
          <reporter-output>
          </reporter-output>
        </test-method> <!-- AddNotEmptyContactTest -->
      </class> <!-- com.example.tests.AddContactTest -->
    </test> <!-- Default test -->
  </suite> <!-- Default suite -->
</testng-results>
