<?xml version="1.0" encoding="UTF-8"?>
<testng-results skipped="1" failed="0" total="1" passed="0">
  <reporter-output>
  </reporter-output>
  <suite name="Default suite" duration-ms="98438" started-at="2015-07-05T06:06:35Z" finished-at="2015-07-05T06:08:14Z">
    <groups>
    </groups>
    <test name="Default test" duration-ms="98438" started-at="2015-07-05T06:06:35Z" finished-at="2015-07-05T06:08:14Z">
      <class name="com.example.tests.AddContactTest">
        <test-method status="FAIL" signature="setUp()[pri:0, instance:com.example.tests.AddContactTest@142ef25]" name="setUp" is-config="true" duration-ms="0" started-at="2015-07-05T10:06:35Z" finished-at="2015-07-05T10:06:35Z">
          <exception class="org.openqa.selenium.WebDriverException">
            <message>
              <![CDATA[Failed to connect to binary FirefoxBinary(C:\Program Files (x86)\Mozilla Firefox\firefox.exe) on port 7055; process output follows: 
tensions.json	DEBUG	Save changes
1436076402484	DeferredSave.extensions.json	DEBUG	Save changes
1436076402484	addons.xpi	DEBUG	Updating XPIState for {"id":"fxdriver@googlecode.com","syncGUID":"BgOyQuvez-0-","location":"app-profile","version":"2.46.0","type":"extension","internalName":null,"updateURL":null,"updateKey":null,"optionsURL":null,"optionsType":null,"aboutURL":null,"iconURL":null,"icon64URL":null,"defaultLocale":{"name":"Firefox WebDriver","description":"WebDriver implementation for Firefox","creator":"Simon Stewart","homepageURL":null},"visible":true,"active":true,"userDisabled":false,"appDisabled":false,"descriptor":"C:\\Users\\Olga_Suntsova\\AppData\\Local\\Temp\\anonymous827694086720204963webdriver-profile\\extensions\\fxdriver@googlecode.com","installDate":1436076397776,"updateDate":1436076397776,"applyBackgroundUpdates":1,"bootstrap":false,"size":8445045,"sourceURI":null,"releaseNotesURI":null,"softDisabled":false,"foreignInstall":true,"hasBinaryComponents":true,"strictCompatibility":false,"locales":[],"targetApplications":[{"id":"{ec8030f7-c20a-464f-9b0e-13a3a9e97384}","minVersion":"3.0","maxVersion":"66.*"}],"targetPlatforms":[{"os":"Darwin","abi":null},{"os":"SunOS","abi":null},{"os":"FreeBSD","abi":null},{"os":"OpenBSD","abi":null},{"os":"WINNT","abi":"x86-msvc"},{"os":"Linux","abi":null}],"multiprocessCompatible":false}
1436076402484	addons.xpi	DEBUG	getModTime: Recursive scan of fxdriver@googlecode.com
1436076402490	addons.xpi	DEBUG	New add-on {972ce4c6-7e08-4474-a285-3208198ce6fd} installed in app-global
1436076402503	addons.xpi-utils	DEBUG	Make addon app-global:{972ce4c6-7e08-4474-a285-3208198ce6fd} visible
1436076402504	DeferredSave.extensions.json	DEBUG	Save changes
1436076402504	DeferredSave.extensions.json	DEBUG	Save changes
1436076402504	addons.xpi	DEBUG	Updating XPIState for {"id":"{972ce4c6-7e08-4474-a285-3208198ce6fd}","syncGUID":"vQdl1XWvfXnH","location":"app-global","version":"38.0.5","type":"theme","internalName":"classic/1.0","updateURL":null,"updateKey":null,"optionsURL":null,"optionsType":null,"aboutURL":null,"iconURL":null,"icon64URL":null,"defaultLocale":{"name":"Default","description":"The default theme.","creator":"Mozilla","homepageURL":null,"contributors":["Mozilla Contributors"]},"visible":true,"active":true,"userDisabled":false,"appDisabled":false,"descriptor":"C:\\Program Files (x86)\\Mozilla Firefox\\browser\\extensions\\{972ce4c6-7e08-4474-a285-3208198ce6fd}","installDate":1434868085018,"updateDate":1434868085018,"applyBackgroundUpdates":1,"skinnable":true,"size":3175,"sourceURI":null,"releaseNotesURI":null,"softDisabled":false,"foreignInstall":false,"hasBinaryComponents":false,"strictCompatibility":true,"locales":[],"targetApplications":[{"id":"{ec8030f7-c20a-464f-9b0e-13a3a9e97384}","minVersion":"38.0.5","maxVersion":"38.0.5"}],"targetPlatforms":[]}
1436076402504	addons.xpi	DEBUG	getModTime: Recursive scan of {972ce4c6-7e08-4474-a285-3208198ce6fd}
1436076402505	addons.xpi	DEBUG	Updating database with changes to installed add-ons
1436076402505	addons.xpi-utils	DEBUG	Updating add-on states
1436076402506	addons.xpi-utils	DEBUG	Writing add-ons list
1436076402510	addons.manager	DEBUG	Registering shutdown blocker for XPIProvider
1436076402511	addons.manager	DEBUG	Provider finished startup: XPIProvider
1436076402511	addons.manager	DEBUG	Starting provider: LightweightThemeManager
1436076402511	addons.manager	DEBUG	Registering shutdown blocker for LightweightThemeManager
1436076402511	addons.manager	DEBUG	Provider finished startup: LightweightThemeManager
1436076402511	addons.manager	DEBUG	Starting provider: GMPProvider
1436076402514	addons.manager	DEBUG	Registering shutdown blocker for GMPProvider
1436076402514	addons.manager	DEBUG	Provider finished startup: GMPProvider
1436076402514	addons.manager	DEBUG	Starting provider: PluginProvider
1436076402515	addons.manager	DEBUG	Registering shutdown blocker for PluginProvider
1436076402515	addons.manager	DEBUG	Provider finished startup: PluginProvider
1436076402515	addons.manager	DEBUG	Completed startup sequence

Build info: version: '2.46.0', revision: '87c69e2', time: '2015-06-04 16:16:47'
System info: host: 'EPRUMOSL0208', ip: '192.168.56.1', os.name: 'Windows 7', os.arch: 'x86', os.version: '6.1', java.version: '1.7.0_45'
Driver info: driver.version: FirefoxDriver]]>
            </message>
            <full-stacktrace>
              <![CDATA[org.openqa.selenium.WebDriverException: Failed to connect to binary FirefoxBinary(C:\Program Files (x86)\Mozilla Firefox\firefox.exe) on port 7055; process output follows: 
tensions.json	DEBUG	Save changes
1436076402484	DeferredSave.extensions.json	DEBUG	Save changes
1436076402484	addons.xpi	DEBUG	Updating XPIState for {"id":"fxdriver@googlecode.com","syncGUID":"BgOyQuvez-0-","location":"app-profile","version":"2.46.0","type":"extension","internalName":null,"updateURL":null,"updateKey":null,"optionsURL":null,"optionsType":null,"aboutURL":null,"iconURL":null,"icon64URL":null,"defaultLocale":{"name":"Firefox WebDriver","description":"WebDriver implementation for Firefox","creator":"Simon Stewart","homepageURL":null},"visible":true,"active":true,"userDisabled":false,"appDisabled":false,"descriptor":"C:\\Users\\Olga_Suntsova\\AppData\\Local\\Temp\\anonymous827694086720204963webdriver-profile\\extensions\\fxdriver@googlecode.com","installDate":1436076397776,"updateDate":1436076397776,"applyBackgroundUpdates":1,"bootstrap":false,"size":8445045,"sourceURI":null,"releaseNotesURI":null,"softDisabled":false,"foreignInstall":true,"hasBinaryComponents":true,"strictCompatibility":false,"locales":[],"targetApplications":[{"id":"{ec8030f7-c20a-464f-9b0e-13a3a9e97384}","minVersion":"3.0","maxVersion":"66.*"}],"targetPlatforms":[{"os":"Darwin","abi":null},{"os":"SunOS","abi":null},{"os":"FreeBSD","abi":null},{"os":"OpenBSD","abi":null},{"os":"WINNT","abi":"x86-msvc"},{"os":"Linux","abi":null}],"multiprocessCompatible":false}
1436076402484	addons.xpi	DEBUG	getModTime: Recursive scan of fxdriver@googlecode.com
1436076402490	addons.xpi	DEBUG	New add-on {972ce4c6-7e08-4474-a285-3208198ce6fd} installed in app-global
1436076402503	addons.xpi-utils	DEBUG	Make addon app-global:{972ce4c6-7e08-4474-a285-3208198ce6fd} visible
1436076402504	DeferredSave.extensions.json	DEBUG	Save changes
1436076402504	DeferredSave.extensions.json	DEBUG	Save changes
1436076402504	addons.xpi	DEBUG	Updating XPIState for {"id":"{972ce4c6-7e08-4474-a285-3208198ce6fd}","syncGUID":"vQdl1XWvfXnH","location":"app-global","version":"38.0.5","type":"theme","internalName":"classic/1.0","updateURL":null,"updateKey":null,"optionsURL":null,"optionsType":null,"aboutURL":null,"iconURL":null,"icon64URL":null,"defaultLocale":{"name":"Default","description":"The default theme.","creator":"Mozilla","homepageURL":null,"contributors":["Mozilla Contributors"]},"visible":true,"active":true,"userDisabled":false,"appDisabled":false,"descriptor":"C:\\Program Files (x86)\\Mozilla Firefox\\browser\\extensions\\{972ce4c6-7e08-4474-a285-3208198ce6fd}","installDate":1434868085018,"updateDate":1434868085018,"applyBackgroundUpdates":1,"skinnable":true,"size":3175,"sourceURI":null,"releaseNotesURI":null,"softDisabled":false,"foreignInstall":false,"hasBinaryComponents":false,"strictCompatibility":true,"locales":[],"targetApplications":[{"id":"{ec8030f7-c20a-464f-9b0e-13a3a9e97384}","minVersion":"38.0.5","maxVersion":"38.0.5"}],"targetPlatforms":[]}
1436076402504	addons.xpi	DEBUG	getModTime: Recursive scan of {972ce4c6-7e08-4474-a285-3208198ce6fd}
1436076402505	addons.xpi	DEBUG	Updating database with changes to installed add-ons
1436076402505	addons.xpi-utils	DEBUG	Updating add-on states
1436076402506	addons.xpi-utils	DEBUG	Writing add-ons list
1436076402510	addons.manager	DEBUG	Registering shutdown blocker for XPIProvider
1436076402511	addons.manager	DEBUG	Provider finished startup: XPIProvider
1436076402511	addons.manager	DEBUG	Starting provider: LightweightThemeManager
1436076402511	addons.manager	DEBUG	Registering shutdown blocker for LightweightThemeManager
1436076402511	addons.manager	DEBUG	Provider finished startup: LightweightThemeManager
1436076402511	addons.manager	DEBUG	Starting provider: GMPProvider
1436076402514	addons.manager	DEBUG	Registering shutdown blocker for GMPProvider
1436076402514	addons.manager	DEBUG	Provider finished startup: GMPProvider
1436076402514	addons.manager	DEBUG	Starting provider: PluginProvider
1436076402515	addons.manager	DEBUG	Registering shutdown blocker for PluginProvider
1436076402515	addons.manager	DEBUG	Provider finished startup: PluginProvider
1436076402515	addons.manager	DEBUG	Completed startup sequence

Build info: version: '2.46.0', revision: '87c69e2', time: '2015-06-04 16:16:47'
System info: host: 'EPRUMOSL0208', ip: '192.168.56.1', os.name: 'Windows 7', os.arch: 'x86', os.version: '6.1', java.version: '1.7.0_45'
Driver info: driver.version: FirefoxDriver
	at org.openqa.selenium.firefox.internal.NewProfileExtensionConnection.start(NewProfileExtensionConnection.java:132)
	at org.openqa.selenium.firefox.FirefoxDriver.startClient(FirefoxDriver.java:275)
	at org.openqa.selenium.remote.RemoteWebDriver.<init>(RemoteWebDriver.java:116)
	at org.openqa.selenium.firefox.FirefoxDriver.<init>(FirefoxDriver.java:222)
	at org.openqa.selenium.firefox.FirefoxDriver.<init>(FirefoxDriver.java:215)
	at org.openqa.selenium.firefox.FirefoxDriver.<init>(FirefoxDriver.java:211)
	at org.openqa.selenium.firefox.FirefoxDriver.<init>(FirefoxDriver.java:124)
	at com.example.tests.TestBase.setUp(TestBase.java:27)
	at sun.reflect.NativeMethodAccessorImpl.invoke0(Native Method)
	at sun.reflect.NativeMethodAccessorImpl.invoke(Unknown Source)
	at sun.reflect.DelegatingMethodAccessorImpl.invoke(Unknown Source)
	at java.lang.reflect.Method.invoke(Unknown Source)
	at org.testng.internal.MethodInvocationHelper.invokeMethod(MethodInvocationHelper.java:84)
	at org.testng.internal.Invoker.invokeConfigurationMethod(Invoker.java:564)
	at org.testng.internal.Invoker.invokeConfigurations(Invoker.java:213)
	at org.testng.internal.Invoker.invokeConfigurations(Invoker.java:138)
	at org.testng.internal.TestMethodWorker.invokeBeforeClassMethods(TestMethodWorker.java:175)
	at org.testng.internal.TestMethodWorker.run(TestMethodWorker.java:107)
	at org.testng.TestRunner.privateRun(TestRunner.java:767)
	at org.testng.TestRunner.run(TestRunner.java:617)
	at org.testng.SuiteRunner.runTest(SuiteRunner.java:334)
	at org.testng.SuiteRunner.runSequentially(SuiteRunner.java:329)
	at org.testng.SuiteRunner.privateRun(SuiteRunner.java:291)
	at org.testng.SuiteRunner.run(SuiteRunner.java:240)
	at org.testng.SuiteRunnerWorker.runSuite(SuiteRunnerWorker.java:52)
	at org.testng.SuiteRunnerWorker.run(SuiteRunnerWorker.java:86)
	at org.testng.TestNG.runSuitesSequentially(TestNG.java:1224)
	at org.testng.TestNG.runSuitesLocally(TestNG.java:1149)
	at org.testng.TestNG.run(TestNG.java:1057)
	at org.testng.remote.RemoteTestNG.run(RemoteTestNG.java:111)
	at org.testng.remote.RemoteTestNG.initAndRun(RemoteTestNG.java:204)
	at org.testng.remote.RemoteTestNG.main(RemoteTestNG.java:175)
Caused by: org.openqa.selenium.firefox.NotConnectedException: Unable to connect to host 127.0.0.1 on port 7055 after 45000 ms. Firefox console output:
tensions.json	DEBUG	Save changes
1436076402484	DeferredSave.extensions.json	DEBUG	Save changes
1436076402484	addons.xpi	DEBUG	Updating XPIState for {"id":"fxdriver@googlecode.com","syncGUID":"BgOyQuvez-0-","location":"app-profile","version":"2.46.0","type":"extension","internalName":null,"updateURL":null,"updateKey":null,"optionsURL":null,"optionsType":null,"aboutURL":null,"iconURL":null,"icon64URL":null,"defaultLocale":{"name":"Firefox WebDriver","description":"WebDriver implementation for Firefox","creator":"Simon Stewart","homepageURL":null},"visible":true,"active":true,"userDisabled":false,"appDisabled":false,"descriptor":"C:\\Users\\Olga_Suntsova\\AppData\\Local\\Temp\\anonymous827694086720204963webdriver-profile\\extensions\\fxdriver@googlecode.com","installDate":1436076397776,"updateDate":1436076397776,"applyBackgroundUpdates":1,"bootstrap":false,"size":8445045,"sourceURI":null,"releaseNotesURI":null,"softDisabled":false,"foreignInstall":true,"hasBinaryComponents":true,"strictCompatibility":false,"locales":[],"targetApplications":[{"id":"{ec8030f7-c20a-464f-9b0e-13a3a9e97384}","minVersion":"3.0","maxVersion":"66.*"}],"targetPlatforms":[{"os":"Darwin","abi":null},{"os":"SunOS","abi":null},{"os":"FreeBSD","abi":null},{"os":"OpenBSD","abi":null},{"os":"WINNT","abi":"x86-msvc"},{"os":"Linux","abi":null}],"multiprocessCompatible":false}
1436076402484	addons.xpi	DEBUG	getModTime: Recursive scan of fxdriver@googlecode.com
1436076402490	addons.xpi	DEBUG	New add-on {972ce4c6-7e08-4474-a285-3208198ce6fd} installed in app-global
1436076402503	addons.xpi-utils	DEBUG	Make addon app-global:{972ce4c6-7e08-4474-a285-3208198ce6fd} visible
1436076402504	DeferredSave.extensions.json	DEBUG	Save changes
1436076402504	DeferredSave.extensions.json	DEBUG	Save changes
1436076402504	addons.xpi	DEBUG	Updating XPIState for {"id":"{972ce4c6-7e08-4474-a285-3208198ce6fd}","syncGUID":"vQdl1XWvfXnH","location":"app-global","version":"38.0.5","type":"theme","internalName":"classic/1.0","updateURL":null,"updateKey":null,"optionsURL":null,"optionsType":null,"aboutURL":null,"iconURL":null,"icon64URL":null,"defaultLocale":{"name":"Default","description":"The default theme.","creator":"Mozilla","homepageURL":null,"contributors":["Mozilla Contributors"]},"visible":true,"active":true,"userDisabled":false,"appDisabled":false,"descriptor":"C:\\Program Files (x86)\\Mozilla Firefox\\browser\\extensions\\{972ce4c6-7e08-4474-a285-3208198ce6fd}","installDate":1434868085018,"updateDate":1434868085018,"applyBackgroundUpdates":1,"skinnable":true,"size":3175,"sourceURI":null,"releaseNotesURI":null,"softDisabled":false,"foreignInstall":false,"hasBinaryComponents":false,"strictCompatibility":true,"locales":[],"targetApplications":[{"id":"{ec8030f7-c20a-464f-9b0e-13a3a9e97384}","minVersion":"38.0.5","maxVersion":"38.0.5"}],"targetPlatforms":[]}
1436076402504	addons.xpi	DEBUG	getModTime: Recursive scan of {972ce4c6-7e08-4474-a285-3208198ce6fd}
1436076402505	addons.xpi	DEBUG	Updating database with changes to installed add-ons
1436076402505	addons.xpi-utils	DEBUG	Updating add-on states
1436076402506	addons.xpi-utils	DEBUG	Writing add-ons list
1436076402510	addons.manager	DEBUG	Registering shutdown blocker for XPIProvider
1436076402511	addons.manager	DEBUG	Provider finished startup: XPIProvider
1436076402511	addons.manager	DEBUG	Starting provider: LightweightThemeManager
1436076402511	addons.manager	DEBUG	Registering shutdown blocker for LightweightThemeManager
1436076402511	addons.manager	DEBUG	Provider finished startup: LightweightThemeManager
1436076402511	addons.manager	DEBUG	Starting provider: GMPProvider
1436076402514	addons.manager	DEBUG	Registering shutdown blocker for GMPProvider
1436076402514	addons.manager	DEBUG	Provider finished startup: GMPProvider
1436076402514	addons.manager	DEBUG	Starting provider: PluginProvider
1436076402515	addons.manager	DEBUG	Registering shutdown blocker for PluginProvider
1436076402515	addons.manager	DEBUG	Provider finished startup: PluginProvider
1436076402515	addons.manager	DEBUG	Completed startup sequence

	at org.openqa.selenium.firefox.internal.NewProfileExtensionConnection.start(NewProfileExtensionConnection.java:120)
	... 31 more
]]>
            </full-stacktrace>
          </exception> <!-- org.openqa.selenium.WebDriverException -->
          <reporter-output>
          </reporter-output>
        </test-method> <!-- setUp -->
        <test-method status="SKIP" signature="AddEmptyContactTest()[pri:0, instance:com.example.tests.AddContactTest@142ef25]" name="AddEmptyContactTest" duration-ms="2" started-at="2015-07-05T10:08:14Z" finished-at="2015-07-05T10:08:14Z">
          <reporter-output>
          </reporter-output>
        </test-method> <!-- AddEmptyContactTest -->
        <test-method status="SKIP" signature="tearDown()[pri:0, instance:com.example.tests.AddContactTest@142ef25]" name="tearDown" is-config="true" duration-ms="0" started-at="2015-07-05T10:08:14Z" finished-at="2015-07-05T10:08:14Z">
          <reporter-output>
          </reporter-output>
        </test-method> <!-- tearDown -->
      </class> <!-- com.example.tests.AddContactTest -->
    </test> <!-- Default test -->
  </suite> <!-- Default suite -->
</testng-results>
